<?xml version="1.0" encoding="UTF-8"?>
<!-- Generated by org.testng.reporters.JUnitXMLReporter -->
<testsuite ignored="0" hostname="shiv-Inspiron-N5110" failures="1" tests="1" name="Default test" time="34.64" errors="0" timestamp="2025-06-25T10:16:03 IST">
  <testcase classname="io.cucumber.testng.AbstractTestNGCucumberTests" name="runScenario" time="34.047">
    <failure type="java.lang.AssertionError" message="Unable to find &amp;apos;&amp;apos; with locator &amp;apos;By.xpath: //div[@class=&amp;apos;col-sm-12 content&amp;apos;]//*[self::select or self::input or self::button or self::a or self::textarea][not(@hidden)]/preceding-sibling::text()[1]&amp;apos;">
      <![CDATA[java.lang.AssertionError: Unable to find '' with locator 'By.xpath: //div[@class='col-sm-12 content']//*[self::select or self::input or self::button or self::a or self::textarea][not(@hidden)]/preceding-sibling::text()[1]'
at org.testng.Assert.fail(Assert.java:111)
at utils.SeleniumUtils.getElement(SeleniumUtils.java:54)
at utils.SeleniumUtils.getElementText(SeleniumUtils.java:220)
at utils.AutoPageCreationUtility.pageGenerationUtility(AutoPageCreationUtility.java:30)
at Pages.CommonPage.pageGeneration(CommonPage.java:46)
at stepDefinitions.CommonSteps.generate_page_class(CommonSteps.java:25)
at âœ½.generate page class(classpath:features//PageCreation.feature:6)
]]>
    </failure>
  </testcase> <!-- runScenario -->
</testsuite> <!-- Default test -->
