<?xml version="1.0" encoding="UTF-8"?>
<!-- Generated by org.testng.reporters.JUnitXMLReporter -->
<testsuite ignored="0" hostname="shiv-Inspiron-N5110" failures="2" tests="2" name="execution NOT done using mvn command" time="43.352" errors="0" timestamp="2025-06-28T16:03:37 IST">
  <testcase classname="io.cucumber.testng.AbstractTestNGCucumberTests" name="runScenario" time="18.495">
    <failure type="java.lang.AssertionError" message="[VERIFICATION - FAIL] validating title. EXPECTED [Welcome shivsahilguleri]  ACTUAL [Signing up is easy!]">
      <![CDATA[java.lang.AssertionError: [VERIFICATION - FAIL] validating title. EXPECTED [Welcome shivsahilguleri]  ACTUAL [Signing up is easy!]
at customized.WrappedAssert.assertEquals(WrappedAssert.java:58)
at stepDefinitions.LandingSteps.user_validating_userid_on_login_page(LandingSteps.java:18)
at ✽.user validating userid "shivsahilguleri" is present on login page(classpath:features//firstFeaturefile.feature:14)
... Removed 1 stack frames]]>
    </failure>
  </testcase> <!-- runScenario -->
  <testcase classname="io.cucumber.testng.AbstractTestNGCucumberTests" name="runScenario" time="42.94">
    <failure type="java.lang.AssertionError" message="Unable to find &amp;apos;13677&amp;apos; with locator &amp;apos;By.linkText: 13677&amp;apos;">
      <![CDATA[java.lang.AssertionError: Unable to find '13677' with locator 'By.linkText: 13677'
at utils.SeleniumUtils.getElement(SeleniumUtils.java:55)
at utils.SeleniumUtils.click(SeleniumUtils.java:165)
at Pages.CommonPage.clickOnlink(CommonPage.java:51)
at stepDefinitions.CommonSteps.user_clicks_on_link_on_page(CommonSteps.java:46)
at ✽.user clicks on "13677" link on "Account Overview" page(classpath:features//firstFeaturefile.feature:27)
... Removed 1 stack frames]]>
    </failure>
  </testcase> <!-- runScenario -->
</testsuite> <!-- execution NOT done using mvn command -->
