<html>
<head>
<title>TestNG:  execution NOT done using mvn command</title>
<link href="../testng.css" rel="stylesheet" type="text/css" />
<link href="../my-testng.css" rel="stylesheet" type="text/css" />

<style type="text/css">
.log { display: none;} 
.stack-trace { display: none;} 
</style>
<script type="text/javascript">
<!--
function flip(e) {
  current = e.style.display;
  if (current == 'block') {
    e.style.display = 'none';
    return 0;
  }
  else {
    e.style.display = 'block';
    return 1;
  }
}

function toggleBox(szDivId, elem, msg1, msg2)
{
  var res = -1;  if (document.getElementById) {
    res = flip(document.getElementById(szDivId));
  }
  else if (document.all) {
    // this is the way old msie versions work
    res = flip(document.all[szDivId]);
  }
  if(elem) {
    if(res == 0) elem.innerHTML = msg1; else elem.innerHTML = msg2;
  }

}

function toggleAllBoxes() {
  if (document.getElementsByTagName) {
    d = document.getElementsByTagName('div');
    for (i = 0; i < d.length; i++) {
      if (d[i].className == 'log') {
        flip(d[i]);
      }
    }
  }
}

// -->
</script>

</head>
<body>
<h2 align='center'>execution NOT done using mvn command</h2><table border='1' align="center">
<tr>
<td>Tests passed/Failed/Skipped:</td><td>0/2/0</td>
</tr><tr>
<td>Started on:</td><td>Sat Jun 28 16:02:53 IST 2025</td>
</tr>
<tr><td>Total time:</td><td>43 seconds (43352 ms)</td>
</tr><tr>
<td>Included groups:</td><td></td>
</tr><tr>
<td>Excluded groups:</td><td></td>
</tr>
</table><p/>
<small><i>(Hover the method name to see the test class name)</i></small><p/>
<table width='100%' border='1' class='invocation-failed'>
<tr><td colspan='4' align='center'><b>FAILED TESTS</b></td></tr>
<tr><td><b>Test method</b></td>
<td><b>Attribute(s)</b></td>
<td width="30%"><b>Exception</b></td>
<td width="10%"><b>Time (seconds)</b></td>
<td><b>Instance</b></td>
</tr>
<tr>
<td title='runner.ReRunTestRunner.runScenario()'><b>runScenario</b><br>Test class: runner.ReRunTestRunner<br>Test method: Runs Cucumber Scenarios<br>Parameters: "US12345|User_Validating_Existing_Customer_Creation", "parabank bank testing"</td>
<td><div><pre>java.lang.AssertionError: Unable to find &apos;13677&apos; with locator &apos;By.linkText: 13677&apos;
	at utils.SeleniumUtils.getElement(SeleniumUtils.java:55)
	at utils.SeleniumUtils.click(SeleniumUtils.java:165)
	at Pages.CommonPage.clickOnlink(CommonPage.java:51)
	at stepDefinitions.CommonSteps.user_clicks_on_link_on_page(CommonSteps.java:46)
	at ✽.user clicks on &quot;13677&quot; link on &quot;Account Overview&quot; page(classpath:features//firstFeaturefile.feature:27)
... Removed 1 stack frames</pre></div><a href='#' onClick='toggleBox("stack-trace428483600", this, "Click to show all stack frames", "Click to hide stack frames")'>Click to show all stack frames</a>
<div class='stack-trace' id='stack-trace428483600'><pre>java.lang.AssertionError: Unable to find &apos;13677&apos; with locator &apos;By.linkText: 13677&apos;
	at org.testng.Assert.fail(Assert.java:111)
	at utils.SeleniumUtils.getElement(SeleniumUtils.java:55)
	at utils.SeleniumUtils.click(SeleniumUtils.java:165)
	at Pages.CommonPage.clickOnlink(CommonPage.java:51)
	at stepDefinitions.CommonSteps.user_clicks_on_link_on_page(CommonSteps.java:46)
	at ✽.user clicks on &quot;13677&quot; link on &quot;Account Overview&quot; page(classpath:features//firstFeaturefile.feature:27)
</pre></div></td>
<td>42</td>
<td>runner.ReRunTestRunner@1cdf61ea</td></tr>
<tr>
<td title='runner.ReRunTestRunner.runScenario()'><b>runScenario</b><br>Test class: runner.ReRunTestRunner<br>Test method: Runs Cucumber Scenarios<br>Parameters: "US98765|User_Validating_New_Customer_Creation", "parabank bank testing"</td>
<td><div><pre>java.lang.AssertionError: [VERIFICATION - FAIL] validating title. EXPECTED [Welcome shivsahilguleri]  ACTUAL [Signing up is easy!]
	at customized.WrappedAssert.assertEquals(WrappedAssert.java:58)
	at stepDefinitions.LandingSteps.user_validating_userid_on_login_page(LandingSteps.java:18)
	at ✽.user validating userid &quot;shivsahilguleri&quot; is present on login page(classpath:features//firstFeaturefile.feature:14)
... Removed 1 stack frames</pre></div><a href='#' onClick='toggleBox("stack-trace951354250", this, "Click to show all stack frames", "Click to hide stack frames")'>Click to show all stack frames</a>
<div class='stack-trace' id='stack-trace951354250'><pre>java.lang.AssertionError: [VERIFICATION - FAIL] validating title. EXPECTED [Welcome shivsahilguleri]  ACTUAL [Signing up is easy!]
	at org.testng.Assert.fail(Assert.java:111)
	at customized.WrappedAssert.assertEquals(WrappedAssert.java:58)
	at stepDefinitions.LandingSteps.user_validating_userid_on_login_page(LandingSteps.java:18)
	at ✽.user validating userid &quot;shivsahilguleri&quot; is present on login page(classpath:features//firstFeaturefile.feature:14)
</pre></div></td>
<td>18</td>
<td>runner.ReRunTestRunner@1cdf61ea</td></tr>
</table><p>
</body>
</html>