<?xml version="1.0" encoding="UTF-8"?>
<testng-results ignored="0" total="2" passed="0" failed="2" skipped="0">
  <reporter-output>
  </reporter-output>
  <suite started-at="2025-06-28T16:02:53 IST" name="TestNG Suite" finished-at="2025-06-28T16:03:37 IST" duration-ms="43352">
    <groups>
      <group name="cucumber">
        <method signature="AbstractTestNGCucumberTests.runScenario(io.cucumber.testng.PickleWrapper,io.cucumber.testng.FeatureWrapper)[pri:0, instance:runner.ReRunTestRunner@1cdf61ea]" name="runScenario" class="io.cucumber.testng.AbstractTestNGCucumberTests"/>
      </group> <!-- cucumber -->
    </groups>
    <test started-at="2025-06-28T16:02:53 IST" name="execution NOT done using mvn command" finished-at="2025-06-28T16:03:37 IST" duration-ms="43352">
      <class name="runner.ReRunTestRunner">
        <test-method is-config="true" signature="setUpClass(org.testng.ITestContext)[pri:0, instance:runner.ReRunTestRunner@1cdf61ea]" started-at="2025-06-28T16:02:53 IST" name="setUpClass" finished-at="2025-06-28T16:02:53 IST" duration-ms="29" status="PASS">
          <params>
            <param index="0">
              <value>
                <![CDATA[org.testng.TestRunner@143cc046]]>
              </value>
            </param>
          </params>
          <reporter-output>
          </reporter-output>
        </test-method> <!-- setUpClass -->
        <test-method signature="runScenario(io.cucumber.testng.PickleWrapper,io.cucumber.testng.FeatureWrapper)[pri:0, instance:runner.ReRunTestRunner@1cdf61ea]" started-at="2025-06-28T16:02:53 IST" name="runScenario" description="Runs Cucumber Scenarios" data-provider="scenarios" finished-at="2025-06-28T16:03:12 IST" duration-ms="18495" status="FAIL">
          <params>
            <param index="0">
              <value>
                <![CDATA["US98765|User_Validating_New_Customer_Creation"]]>
              </value>
            </param>
            <param index="1">
              <value>
                <![CDATA["parabank bank testing"]]>
              </value>
            </param>
          </params>
          <exception class="java.lang.AssertionError">
            <message>
              <![CDATA[[VERIFICATION - FAIL] validating title. EXPECTED [Welcome shivsahilguleri]  ACTUAL [Signing up is easy!]]]>
            </message>
            <full-stacktrace>
              <![CDATA[java.lang.AssertionError: [VERIFICATION - FAIL] validating title. EXPECTED [Welcome shivsahilguleri]  ACTUAL [Signing up is easy!]
at org.testng.Assert.fail(Assert.java:111)
at customized.WrappedAssert.assertEquals(WrappedAssert.java:58)
at stepDefinitions.LandingSteps.user_validating_userid_on_login_page(LandingSteps.java:18)
at ✽.user validating userid "shivsahilguleri" is present on login page(classpath:features//firstFeaturefile.feature:14)
]]>
            </full-stacktrace>
          </exception> <!-- java.lang.AssertionError -->
          <reporter-output>
          </reporter-output>
        </test-method> <!-- runScenario -->
        <test-method signature="runScenario(io.cucumber.testng.PickleWrapper,io.cucumber.testng.FeatureWrapper)[pri:0, instance:runner.ReRunTestRunner@1cdf61ea]" started-at="2025-06-28T16:02:53 IST" name="runScenario" description="Runs Cucumber Scenarios" data-provider="scenarios" finished-at="2025-06-28T16:03:36 IST" duration-ms="42940" status="FAIL">
          <params>
            <param index="0">
              <value>
                <![CDATA["US12345|User_Validating_Existing_Customer_Creation"]]>
              </value>
            </param>
            <param index="1">
              <value>
                <![CDATA["parabank bank testing"]]>
              </value>
            </param>
          </params>
          <exception class="java.lang.AssertionError">
            <message>
              <![CDATA[Unable to find '13677' with locator 'By.linkText: 13677']]>
            </message>
            <full-stacktrace>
              <![CDATA[java.lang.AssertionError: Unable to find '13677' with locator 'By.linkText: 13677'
at org.testng.Assert.fail(Assert.java:111)
at utils.SeleniumUtils.getElement(SeleniumUtils.java:55)
at utils.SeleniumUtils.click(SeleniumUtils.java:165)
at Pages.CommonPage.clickOnlink(CommonPage.java:51)
at stepDefinitions.CommonSteps.user_clicks_on_link_on_page(CommonSteps.java:46)
at ✽.user clicks on "13677" link on "Account Overview" page(classpath:features//firstFeaturefile.feature:27)
]]>
            </full-stacktrace>
          </exception> <!-- java.lang.AssertionError -->
          <reporter-output>
          </reporter-output>
        </test-method> <!-- runScenario -->
        <test-method is-config="true" signature="tearDown()[pri:0, instance:runner.ReRunTestRunner@1cdf61ea]" started-at="2025-06-28T16:03:12 IST" name="tearDown" finished-at="2025-06-28T16:03:12 IST" duration-ms="211" status="PASS">
          <reporter-output>
          </reporter-output>
        </test-method> <!-- tearDown -->
        <test-method is-config="true" signature="tearDown()[pri:0, instance:runner.ReRunTestRunner@1cdf61ea]" started-at="2025-06-28T16:03:36 IST" name="tearDown" finished-at="2025-06-28T16:03:37 IST" duration-ms="375" status="PASS">
          <reporter-output>
          </reporter-output>
        </test-method> <!-- tearDown -->
        <test-method is-config="true" signature="tearDownClass()[pri:0, instance:runner.ReRunTestRunner@1cdf61ea]" started-at="2025-06-28T16:03:37 IST" name="tearDownClass" finished-at="2025-06-28T16:03:37 IST" duration-ms="2" status="PASS">
          <reporter-output>
          </reporter-output>
        </test-method> <!-- tearDownClass -->
      </class> <!-- runner.ReRunTestRunner -->
    </test> <!-- execution NOT done using mvn command -->
  </suite> <!-- TestNG Suite -->
</testng-results>
