<?xml version="1.0" encoding="UTF-8"?>
<!-- Generated by org.testng.reporters.JUnitReportReporter -->
<testsuite hostname="shiv-Inspiron-N5110" failures="2" tests="3" name="runner.TestRunner" time="42.362" errors="0" timestamp="2025-06-21T09:28:21 IST" skipped="0">
  <testcase classname="runner.TestRunner" name="runScenario" time="14.119">
    <failure message="[VERIFICATION - FAIL] failed message" type="java.lang.AssertionError">
      <![CDATA[java.lang.AssertionError: [VERIFICATION - FAIL] failed message
at org.testng.Assert.fail(Assert.java:111)
at customized.WrappedAssert.assertTrue(WrappedAssert.java:41)
at stepDefinitions.Pagec.read_the_title_of_page(Pagec.java:12)
at ✽.read the title of page(classpath:features//firstFeaturefile.feature:16)
]]>
    </failure>
  </testcase> <!-- runScenario -->
  <testcase classname="runner.TestRunner" name="runScenario" time="14.041"/>
  <testcase classname="runner.TestRunner" name="runScenario" time="14.202">
    <failure message="[VERIFICATION - FAIL] failed message" type="java.lang.AssertionError">
      <![CDATA[java.lang.AssertionError: [VERIFICATION - FAIL] failed message
at org.testng.Assert.fail(Assert.java:111)
at customized.WrappedAssert.assertTrue(WrappedAssert.java:41)
at stepDefinitions.Pagec.read_the_title_of_page(Pagec.java:12)
at ✽.read the title of page(classpath:features//firstFeaturefile.feature:8)
]]>
    </failure>
  </testcase> <!-- runScenario -->
</testsuite> <!-- runner.TestRunner -->
